<?xml version="1.0" encoding="UTF-8"?>
<testsuites tests="12" failures="0" errors="0" skipped="0">
  <testsuite name="BackstopJS" tests="12" failures="0" errors="0" skipped="0">
    <testcase classname="document" name=" ›› Logged out Test https://wordpress-1000690-5314661.cloudwaysapps.com/"/>
    <testcase classname="document" name=" ›› Logged out Test https://wordpress-1000690-5314661.cloudwaysapps.com/"/>
    <testcase classname="document" name=" ›› Logged out Test https://wordpress-1000690-5314661.cloudwaysapps.com/topics/living-the-new-life/"/>
    <testcase classname="document" name=" ›› Logged out Test https://wordpress-1000690-5314661.cloudwaysapps.com/topics/living-the-new-life/"/>
    <testcase classname="document" name=" ›› Logged out Test https://wordpress-1000690-5314661.cloudwaysapps.com/topics/freedom-wholeness/"/>
    <testcase classname="document" name=" ›› Logged out Test https://wordpress-1000690-5314661.cloudwaysapps.com/topics/freedom-wholeness/"/>
    <testcase classname="document" name=" ›› Logged out Test https://wordpress-1000690-5314661.cloudwaysapps.com/topics/knowing-god/"/>
    <testcase classname="document" name=" ›› Logged out Test https://wordpress-1000690-5314661.cloudwaysapps.com/topics/knowing-god/"/>
    <testcase classname="document" name=" ›› Logged out Test https://wordpress-1000690-5314661.cloudwaysapps.com/topics/wisdom-of-god/"/>
    <testcase classname="document" name=" ›› Logged out Test https://wordpress-1000690-5314661.cloudwaysapps.com/topics/wisdom-of-god/"/>
    <testcase classname="document" name=" ›› Logged out Test https://wordpress-1000690-5314661.cloudwaysapps.com/topics/perspective-2/"/>
    <testcase classname="document" name=" ›› Logged out Test https://wordpress-1000690-5314661.cloudwaysapps.com/topics/perspective-2/"/>
  </testsuite>
</testsuites>